<?xml version="1.0" encoding="UTF-8"?>
<!-- Generated by org.testng.reporters.JUnitReportReporter -->
<testsuite hostname="DESKTOP-OKIH8JM" name="LearnMaven.L_Maven1.Test2" tests="3" failures="0" timestamp="13 Oct 2021 15:19:18 GMT" time="0.016" errors="0">
  <testcase name="method5" time="0.000" classname="LearnMaven.L_Maven1.Test2"/>
  <testcase name="method4" time="0.016" classname="LearnMaven.L_Maven1.Test2"/>
  <testcase name="method6" time="0.000" classname="LearnMaven.L_Maven1.Test2"/>
</testsuite> <!-- LearnMaven.L_Maven1.Test2 -->
