<?xml version="1.0" encoding="UTF-8"?>
<!-- Generated by org.testng.reporters.JUnitReportReporter -->
<testsuite skipped="0" hostname="DESKTOP-OKIH8JM" name="LearnMaven.L_Maven1.Test2" tests="3" failures="0" timestamp="2021-10-10T11:55:36 IST" time="0.002" errors="0">
  <testcase name="method1" time="0.001" classname="LearnMaven.L_Maven1.Test2"/>
  <system-out/>
  <testcase name="method3" time="0.000" classname="LearnMaven.L_Maven1.Test2"/>
  <system-out/>
  <testcase name="method2" time="0.001" classname="LearnMaven.L_Maven1.Test2"/>
  <system-out/>
</testsuite> <!-- LearnMaven.L_Maven1.Test2 -->
