<?xml version="1.0" encoding="UTF-8"?>
<!-- Generated by org.testng.reporters.JUnitReportReporter -->
<testsuite skipped="0" hostname="DESKTOP-OKIH8JM" name="LearnMaven.L_Maven1.AppTest" tests="1" failures="0" timestamp="2021-10-10T11:55:36 IST" time="0.002" errors="0">
  <testcase name="testApp" time="0.002" classname="LearnMaven.L_Maven1.AppTest"/>
  <system-out/>
</testsuite> <!-- LearnMaven.L_Maven1.AppTest -->
