<?xml version="1.0" encoding="UTF-8"?>
<!-- Generated by org.testng.reporters.JUnitReportReporter -->
<testsuite skipped="0" hostname="DESKTOP-OKIH8JM" name="LearnMaven.L_Maven1.Test1" tests="3" failures="0" timestamp="13 Oct 2021 15:02:01 GMT" time="0.000" errors="0">
  <testcase name="method3" time="0.000" classname="LearnMaven.L_Maven1.Test1"/>
  <testcase name="method2" time="0.000" classname="LearnMaven.L_Maven1.Test1"/>
  <testcase name="method1Test" time="0.000" classname="LearnMaven.L_Maven1.Test1"/>
</testsuite> <!-- LearnMaven.L_Maven1.Test1 -->
