<?xml version="1.0" encoding="UTF-8"?>
<!-- Generated by org.testng.reporters.JUnitReportReporter -->
<testsuite skipped="0" hostname="DESKTOP-OKIH8JM" name="LearnMaven.L_Maven1.KsTest" tests="1" failures="0" timestamp="13 Oct 2021 15:02:01 GMT" time="0.116" errors="0">
  <testcase name="KTest" time="0.116" classname="LearnMaven.L_Maven1.KsTest"/>
</testsuite> <!-- LearnMaven.L_Maven1.KsTest -->
