<?xml version="1.0" encoding="UTF-8"?>
<!-- Generated by org.testng.reporters.JUnitReportReporter -->
<testsuite hostname="DESKTOP-OKIH8JM" name="LearnMaven.L_Maven1.Test1" tests="3" failures="0" timestamp="13 Oct 2021 15:19:18 GMT" time="0.020" errors="0">
  <testcase name="method1Test" time="0.002" classname="LearnMaven.L_Maven1.Test1"/>
  <testcase name="method2" time="0.010" classname="LearnMaven.L_Maven1.Test1"/>
  <testcase name="method3" time="0.008" classname="LearnMaven.L_Maven1.Test1"/>
</testsuite> <!-- LearnMaven.L_Maven1.Test1 -->
