<?xml version="1.0" encoding="UTF-8"?>
<!-- Generated by org.testng.reporters.JUnitReportReporter -->
<testsuite hostname="DESKTOP-OKIH8JM" name="LearnMaven.L_Maven1.Test3" tests="3" failures="0" timestamp="13 Oct 2021 15:19:18 GMT" time="0.019" errors="0">
  <testcase name="method7" time="0.019" classname="LearnMaven.L_Maven1.Test3"/>
  <testcase name="method9" time="0.000" classname="LearnMaven.L_Maven1.Test3"/>
  <testcase name="method8" time="0.000" classname="LearnMaven.L_Maven1.Test3"/>
</testsuite> <!-- LearnMaven.L_Maven1.Test3 -->
